15:07:16.538 DEBUG InternalLoggerFactory -Using Log4J2 as the default logging framework
15:07:16.578 DEBUG ResourceLeakDetector --Dio.netty.leakDetection.level: simple
15:07:16.578 DEBUG ResourceLeakDetector --Dio.netty.leakDetection.targetRecords: 4
15:07:16.590 DEBUG ResourceLeakDetectorFactory -Loaded default ResourceLeakDetector: io.netty.util.ResourceLeakDetector@6440112d
15:07:16.654 DEBUG PlatformDependent0 --Dio.netty.noUnsafe: false
15:07:16.654 DEBUG PlatformDependent0 -Java version: 8
15:07:16.657 DEBUG PlatformDependent0 -sun.misc.Unsafe.theUnsafe: available
15:07:16.658 DEBUG PlatformDependent0 -sun.misc.Unsafe.copyMemory: available
15:07:16.660 DEBUG PlatformDependent0 -java.nio.Buffer.address: available
15:07:16.662 DEBUG PlatformDependent0 -direct buffer constructor: available
15:07:16.663 DEBUG PlatformDependent0 -java.nio.Bits.unaligned: available, true
15:07:16.664 DEBUG PlatformDependent0 -jdk.internal.misc.Unsafe.allocateUninitializedArray(int): unavailable prior to Java9
15:07:16.664 DEBUG PlatformDependent0 -java.nio.DirectByteBuffer.<init>(long, int): available
15:07:16.664 DEBUG PlatformDependent -sun.misc.Unsafe: available
15:07:16.665 DEBUG PlatformDependent --Dio.netty.tmpdir: C:\Users\JOHNGU~1\AppData\Local\Temp (java.io.tmpdir)
15:07:16.665 DEBUG PlatformDependent --Dio.netty.bitMode: 64 (sun.arch.data.model)
15:07:16.666 DEBUG PlatformDependent -Platform: Windows
15:07:16.668 DEBUG PlatformDependent --Dio.netty.maxDirectMemory: 3672637440 bytes
15:07:16.669 DEBUG PlatformDependent --Dio.netty.uninitializedArrayAllocationThreshold: -1
15:07:16.671 DEBUG CleanerJava6 -java.nio.ByteBuffer.cleaner(): available
15:07:16.672 DEBUG PlatformDependent --Dio.netty.noPreferDirect: false
15:07:16.696 DEBUG PlatformDependent -org.jctools-core.MpscChunkedArrayQueue: available
15:07:16.787 DEBUG InternalThreadLocalMap --Dio.netty.threadLocalMap.stringBuilder.initialSize: 1024
15:07:16.788 DEBUG InternalThreadLocalMap --Dio.netty.threadLocalMap.stringBuilder.maxSize: 4096
15:07:19.462 DEBUG JdkSslContext -Default protocols (JDK): [TLSv1.2, TLSv1.1, TLSv1] 
15:07:19.462 DEBUG JdkSslContext -Default cipher suites (JDK): [TLS_ECDHE_ECDSA_WITH_AES_256_GCM_SHA384, TLS_ECDHE_ECDSA_WITH_AES_128_GCM_SHA256, TLS_ECDHE_RSA_WITH_AES_128_GCM_SHA256, TLS_ECDHE_RSA_WITH_AES_256_GCM_SHA384, TLS_ECDHE_RSA_WITH_AES_128_CBC_SHA, TLS_ECDHE_RSA_WITH_AES_256_CBC_SHA, TLS_RSA_WITH_AES_128_GCM_SHA256, TLS_RSA_WITH_AES_128_CBC_SHA, TLS_RSA_WITH_AES_256_CBC_SHA]
15:07:19.545 DEBUG MultithreadEventLoopGroup --Dio.netty.eventLoopThreads: 8
15:07:19.571 DEBUG NioEventLoop --Dio.netty.noKeySetOptimization: false
15:07:19.571 DEBUG NioEventLoop --Dio.netty.selectorAutoRebuildThreshold: 512
15:07:19.595 TRACE NioEventLoop -instrumented a special java.util.Set into: sun.nio.ch.WindowsSelectorImpl@7674b62c
15:07:19.598 TRACE NioEventLoop -instrumented a special java.util.Set into: sun.nio.ch.WindowsSelectorImpl@45a4b042
15:07:19.600 TRACE NioEventLoop -instrumented a special java.util.Set into: sun.nio.ch.WindowsSelectorImpl@16b2bb0c
15:07:19.602 TRACE NioEventLoop -instrumented a special java.util.Set into: sun.nio.ch.WindowsSelectorImpl@327af41b
15:07:19.604 TRACE NioEventLoop -instrumented a special java.util.Set into: sun.nio.ch.WindowsSelectorImpl@6cb6decd
15:07:19.606 TRACE NioEventLoop -instrumented a special java.util.Set into: sun.nio.ch.WindowsSelectorImpl@c7045b9
15:07:19.609 TRACE NioEventLoop -instrumented a special java.util.Set into: sun.nio.ch.WindowsSelectorImpl@f99f5e0
15:07:19.610 TRACE NioEventLoop -instrumented a special java.util.Set into: sun.nio.ch.WindowsSelectorImpl@6aa61224
15:07:19.668 DEBUG PooledByteBufAllocator --Dio.netty.allocator.numHeapArenas: 8
15:07:19.668 DEBUG PooledByteBufAllocator --Dio.netty.allocator.numDirectArenas: 8
15:07:19.668 DEBUG PooledByteBufAllocator --Dio.netty.allocator.pageSize: 8192
15:07:19.668 DEBUG PooledByteBufAllocator --Dio.netty.allocator.maxOrder: 11
15:07:19.668 DEBUG PooledByteBufAllocator --Dio.netty.allocator.chunkSize: 16777216
15:07:19.670 DEBUG PooledByteBufAllocator --Dio.netty.allocator.smallCacheSize: 256
15:07:19.670 DEBUG PooledByteBufAllocator --Dio.netty.allocator.normalCacheSize: 64
15:07:19.670 DEBUG PooledByteBufAllocator --Dio.netty.allocator.maxCachedBufferCapacity: 32768
15:07:19.670 DEBUG PooledByteBufAllocator --Dio.netty.allocator.cacheTrimInterval: 8192
15:07:19.670 DEBUG PooledByteBufAllocator --Dio.netty.allocator.cacheTrimIntervalMillis: 0
15:07:19.670 DEBUG PooledByteBufAllocator --Dio.netty.allocator.useCacheForAllThreads: true
15:07:19.670 DEBUG PooledByteBufAllocator --Dio.netty.allocator.maxCachedByteBuffersPerChunk: 1023
15:07:19.697 DEBUG ByteBufUtil --Dio.netty.allocator.type: pooled
15:07:19.697 DEBUG ByteBufUtil --Dio.netty.threadLocalDirectBufferSize: 0
15:07:19.697 DEBUG ByteBufUtil --Dio.netty.maxThreadLocalCharBufferSize: 16384
15:07:21.090 DEBUG DefaultChannelId --Dio.netty.processId: 14916 (auto-detected)
15:07:21.094 DEBUG NetUtil --Djava.net.preferIPv4Stack: false
15:07:21.094 DEBUG NetUtil --Djava.net.preferIPv6Addresses: false
15:07:22.692 DEBUG NetUtilInitializations -Loopback interface: lo (Software Loopback Interface 1, 127.0.0.1)
15:07:22.695 DEBUG NetUtil -Failed to get SOMAXCONN from sysctl and file \proc\sys\net\core\somaxconn. Default: 200
15:07:23.381 DEBUG DefaultChannelId --Dio.netty.machineId: 64:6e:69:ff:fe:e2:89:43 (auto-detected)
15:07:23.554 DEBUG AbstractByteBuf --Dio.netty.buffer.checkAccessible: true
15:07:23.555 DEBUG AbstractByteBuf --Dio.netty.buffer.checkBounds: true
15:07:23.555 DEBUG ResourceLeakDetectorFactory -Loaded default ResourceLeakDetector: io.netty.util.ResourceLeakDetector@5c50fc57
15:07:23.688 DEBUG Recycler --Dio.netty.recycler.maxCapacityPerThread: 4096
15:07:23.689 DEBUG Recycler --Dio.netty.recycler.maxSharedCapacityFactor: 2
15:07:23.689 DEBUG Recycler --Dio.netty.recycler.linkCapacity: 16
15:07:23.689 DEBUG Recycler --Dio.netty.recycler.ratio: 8
15:07:23.689 DEBUG Recycler --Dio.netty.recycler.delayedQueue.ratio: 8
15:07:41.839 DEBUG Brotli -brotli4j not in the classpath; Brotli support will be unavailable.
15:07:48.654 INFO  TestNG_TestCase -This message is from test method
15:11:29.270 DEBUG logging.InternalLoggerFactory -Using Log4J2 as the default logging framework
15:11:29.310 DEBUG util.ResourceLeakDetector --Dio.netty.leakDetection.level: simple
15:11:29.310 DEBUG util.ResourceLeakDetector --Dio.netty.leakDetection.targetRecords: 4
15:11:29.325 DEBUG util.ResourceLeakDetectorFactory -Loaded default ResourceLeakDetector: io.netty.util.ResourceLeakDetector@7ce69770
15:11:29.430 DEBUG internal.PlatformDependent0 --Dio.netty.noUnsafe: false
15:11:29.430 DEBUG internal.PlatformDependent0 -Java version: 8
15:11:29.433 DEBUG internal.PlatformDependent0 -sun.misc.Unsafe.theUnsafe: available
15:11:29.434 DEBUG internal.PlatformDependent0 -sun.misc.Unsafe.copyMemory: available
15:11:29.436 DEBUG internal.PlatformDependent0 -java.nio.Buffer.address: available
15:11:29.437 DEBUG internal.PlatformDependent0 -direct buffer constructor: available
15:11:29.441 DEBUG internal.PlatformDependent0 -java.nio.Bits.unaligned: available, true
15:11:29.441 DEBUG internal.PlatformDependent0 -jdk.internal.misc.Unsafe.allocateUninitializedArray(int): unavailable prior to Java9
15:11:29.441 DEBUG internal.PlatformDependent0 -java.nio.DirectByteBuffer.<init>(long, int): available
15:11:29.441 DEBUG internal.PlatformDependent -sun.misc.Unsafe: available
15:11:29.445 DEBUG internal.PlatformDependent --Dio.netty.tmpdir: C:\Users\JOHNGU~1\AppData\Local\Temp (java.io.tmpdir)
15:11:29.445 DEBUG internal.PlatformDependent --Dio.netty.bitMode: 64 (sun.arch.data.model)
15:11:29.446 DEBUG internal.PlatformDependent -Platform: Windows
15:11:29.449 DEBUG internal.PlatformDependent --Dio.netty.maxDirectMemory: 3672637440 bytes
15:11:29.449 DEBUG internal.PlatformDependent --Dio.netty.uninitializedArrayAllocationThreshold: -1
15:11:29.452 DEBUG internal.CleanerJava6 -java.nio.ByteBuffer.cleaner(): available
15:11:29.452 DEBUG internal.PlatformDependent --Dio.netty.noPreferDirect: false
15:11:29.497 DEBUG internal.PlatformDependent -org.jctools-core.MpscChunkedArrayQueue: available
15:11:29.571 DEBUG internal.InternalThreadLocalMap --Dio.netty.threadLocalMap.stringBuilder.initialSize: 1024
15:11:29.572 DEBUG internal.InternalThreadLocalMap --Dio.netty.threadLocalMap.stringBuilder.maxSize: 4096
15:11:31.004 DEBUG ssl.JdkSslContext -Default protocols (JDK): [TLSv1.2, TLSv1.1, TLSv1] 
15:11:31.005 DEBUG ssl.JdkSslContext -Default cipher suites (JDK): [TLS_ECDHE_ECDSA_WITH_AES_256_GCM_SHA384, TLS_ECDHE_ECDSA_WITH_AES_128_GCM_SHA256, TLS_ECDHE_RSA_WITH_AES_128_GCM_SHA256, TLS_ECDHE_RSA_WITH_AES_256_GCM_SHA384, TLS_ECDHE_RSA_WITH_AES_128_CBC_SHA, TLS_ECDHE_RSA_WITH_AES_256_CBC_SHA, TLS_RSA_WITH_AES_128_GCM_SHA256, TLS_RSA_WITH_AES_128_CBC_SHA, TLS_RSA_WITH_AES_256_CBC_SHA]
15:11:31.182 DEBUG channel.MultithreadEventLoopGroup --Dio.netty.eventLoopThreads: 8
15:11:31.213 DEBUG nio.NioEventLoop --Dio.netty.noKeySetOptimization: false
15:11:31.213 DEBUG nio.NioEventLoop --Dio.netty.selectorAutoRebuildThreshold: 512
15:11:31.240 TRACE nio.NioEventLoop -instrumented a special java.util.Set into: sun.nio.ch.WindowsSelectorImpl@4e31276e
15:11:31.245 TRACE nio.NioEventLoop -instrumented a special java.util.Set into: sun.nio.ch.WindowsSelectorImpl@198d6542
15:11:31.247 TRACE nio.NioEventLoop -instrumented a special java.util.Set into: sun.nio.ch.WindowsSelectorImpl@5e403b4a
15:11:31.249 TRACE nio.NioEventLoop -instrumented a special java.util.Set into: sun.nio.ch.WindowsSelectorImpl@5117dd67
15:11:31.251 TRACE nio.NioEventLoop -instrumented a special java.util.Set into: sun.nio.ch.WindowsSelectorImpl@5be49b60
15:11:31.253 TRACE nio.NioEventLoop -instrumented a special java.util.Set into: sun.nio.ch.WindowsSelectorImpl@2931522b
15:11:31.257 TRACE nio.NioEventLoop -instrumented a special java.util.Set into: sun.nio.ch.WindowsSelectorImpl@7674b62c
15:11:31.260 TRACE nio.NioEventLoop -instrumented a special java.util.Set into: sun.nio.ch.WindowsSelectorImpl@19e7a160
15:11:31.328 DEBUG buffer.PooledByteBufAllocator --Dio.netty.allocator.numHeapArenas: 8
15:11:31.329 DEBUG buffer.PooledByteBufAllocator --Dio.netty.allocator.numDirectArenas: 8
15:11:31.329 DEBUG buffer.PooledByteBufAllocator --Dio.netty.allocator.pageSize: 8192
15:11:31.329 DEBUG buffer.PooledByteBufAllocator --Dio.netty.allocator.maxOrder: 11
15:11:31.329 DEBUG buffer.PooledByteBufAllocator --Dio.netty.allocator.chunkSize: 16777216
15:11:31.329 DEBUG buffer.PooledByteBufAllocator --Dio.netty.allocator.smallCacheSize: 256
15:11:31.329 DEBUG buffer.PooledByteBufAllocator --Dio.netty.allocator.normalCacheSize: 64
15:11:31.330 DEBUG buffer.PooledByteBufAllocator --Dio.netty.allocator.maxCachedBufferCapacity: 32768
15:11:31.330 DEBUG buffer.PooledByteBufAllocator --Dio.netty.allocator.cacheTrimInterval: 8192
15:11:31.330 DEBUG buffer.PooledByteBufAllocator --Dio.netty.allocator.cacheTrimIntervalMillis: 0
15:11:31.330 DEBUG buffer.PooledByteBufAllocator --Dio.netty.allocator.useCacheForAllThreads: true
15:11:31.330 DEBUG buffer.PooledByteBufAllocator --Dio.netty.allocator.maxCachedByteBuffersPerChunk: 1023
15:11:31.362 DEBUG buffer.ByteBufUtil --Dio.netty.allocator.type: pooled
15:11:31.363 DEBUG buffer.ByteBufUtil --Dio.netty.threadLocalDirectBufferSize: 0
15:11:31.363 DEBUG buffer.ByteBufUtil --Dio.netty.maxThreadLocalCharBufferSize: 16384
15:11:32.826 DEBUG channel.DefaultChannelId --Dio.netty.processId: 11480 (auto-detected)
15:11:32.833 DEBUG util.NetUtil --Djava.net.preferIPv4Stack: false
15:11:32.833 DEBUG util.NetUtil --Djava.net.preferIPv6Addresses: false
15:11:33.952 DEBUG util.NetUtilInitializations -Loopback interface: lo (Software Loopback Interface 1, 127.0.0.1)
15:11:33.957 DEBUG util.NetUtil -Failed to get SOMAXCONN from sysctl and file \proc\sys\net\core\somaxconn. Default: 200
15:11:35.085 DEBUG channel.DefaultChannelId --Dio.netty.machineId: 64:6e:69:ff:fe:e2:89:43 (auto-detected)
15:11:35.278 DEBUG buffer.AbstractByteBuf --Dio.netty.buffer.checkAccessible: true
15:11:35.279 DEBUG buffer.AbstractByteBuf --Dio.netty.buffer.checkBounds: true
15:11:35.279 DEBUG util.ResourceLeakDetectorFactory -Loaded default ResourceLeakDetector: io.netty.util.ResourceLeakDetector@3c91127
15:11:35.365 DEBUG util.Recycler --Dio.netty.recycler.maxCapacityPerThread: 4096
15:11:35.366 DEBUG util.Recycler --Dio.netty.recycler.maxSharedCapacityFactor: 2
15:11:35.366 DEBUG util.Recycler --Dio.netty.recycler.linkCapacity: 16
15:11:35.366 DEBUG util.Recycler --Dio.netty.recycler.ratio: 8
15:11:35.366 DEBUG util.Recycler --Dio.netty.recycler.delayedQueue.ratio: 8
15:11:45.498 DEBUG compression.Brotli -brotli4j not in the classpath; Brotli support will be unavailable.
15:12:47.032 INFO  basicweb.TestNG_TestCase -This message is from test method
