09:54:54.876 DEBUG logging.InternalLoggerFactory -Using Log4J2 as the default logging framework
09:54:54.926 DEBUG util.ResourceLeakDetector --Dio.netty.leakDetection.level: simple
09:54:54.926 DEBUG util.ResourceLeakDetector --Dio.netty.leakDetection.targetRecords: 4
09:54:54.939 DEBUG util.ResourceLeakDetectorFactory -Loaded default ResourceLeakDetector: io.netty.util.ResourceLeakDetector@7188af83
09:54:55.000 DEBUG internal.PlatformDependent0 --Dio.netty.noUnsafe: false
09:54:55.000 DEBUG internal.PlatformDependent0 -Java version: 8
09:54:55.003 DEBUG internal.PlatformDependent0 -sun.misc.Unsafe.theUnsafe: available
09:54:55.005 DEBUG internal.PlatformDependent0 -sun.misc.Unsafe.copyMemory: available
09:54:55.006 DEBUG internal.PlatformDependent0 -java.nio.Buffer.address: available
09:54:55.010 DEBUG internal.PlatformDependent0 -direct buffer constructor: available
09:54:55.011 DEBUG internal.PlatformDependent0 -java.nio.Bits.unaligned: available, true
09:54:55.011 DEBUG internal.PlatformDependent0 -jdk.internal.misc.Unsafe.allocateUninitializedArray(int): unavailable prior to Java9
09:54:55.012 DEBUG internal.PlatformDependent0 -java.nio.DirectByteBuffer.<init>(long, int): available
09:54:55.012 DEBUG internal.PlatformDependent -sun.misc.Unsafe: available
09:54:55.013 DEBUG internal.PlatformDependent --Dio.netty.tmpdir: C:\Users\JOHNGU~1\AppData\Local\Temp (java.io.tmpdir)
09:54:55.013 DEBUG internal.PlatformDependent --Dio.netty.bitMode: 64 (sun.arch.data.model)
09:54:55.014 DEBUG internal.PlatformDependent -Platform: Windows
09:54:55.016 DEBUG internal.PlatformDependent --Dio.netty.maxDirectMemory: 3672637440 bytes
09:54:55.016 DEBUG internal.PlatformDependent --Dio.netty.uninitializedArrayAllocationThreshold: -1
09:54:55.019 DEBUG internal.CleanerJava6 -java.nio.ByteBuffer.cleaner(): available
09:54:55.020 DEBUG internal.PlatformDependent --Dio.netty.noPreferDirect: false
09:54:55.046 DEBUG internal.PlatformDependent -org.jctools-core.MpscChunkedArrayQueue: available
09:54:55.105 DEBUG internal.InternalThreadLocalMap --Dio.netty.threadLocalMap.stringBuilder.initialSize: 1024
09:54:55.106 DEBUG internal.InternalThreadLocalMap --Dio.netty.threadLocalMap.stringBuilder.maxSize: 4096
09:54:56.563 DEBUG ssl.JdkSslContext -Default protocols (JDK): [TLSv1.2, TLSv1.1, TLSv1] 
09:54:56.564 DEBUG ssl.JdkSslContext -Default cipher suites (JDK): [TLS_ECDHE_ECDSA_WITH_AES_256_GCM_SHA384, TLS_ECDHE_ECDSA_WITH_AES_128_GCM_SHA256, TLS_ECDHE_RSA_WITH_AES_128_GCM_SHA256, TLS_ECDHE_RSA_WITH_AES_256_GCM_SHA384, TLS_ECDHE_RSA_WITH_AES_128_CBC_SHA, TLS_ECDHE_RSA_WITH_AES_256_CBC_SHA, TLS_RSA_WITH_AES_128_GCM_SHA256, TLS_RSA_WITH_AES_128_CBC_SHA, TLS_RSA_WITH_AES_256_CBC_SHA]
09:54:56.649 DEBUG channel.MultithreadEventLoopGroup --Dio.netty.eventLoopThreads: 8
09:54:56.675 DEBUG nio.NioEventLoop --Dio.netty.noKeySetOptimization: false
09:54:56.675 DEBUG nio.NioEventLoop --Dio.netty.selectorAutoRebuildThreshold: 512
09:54:56.700 TRACE nio.NioEventLoop -instrumented a special java.util.Set into: sun.nio.ch.WindowsSelectorImpl@68f4865
09:54:56.703 TRACE nio.NioEventLoop -instrumented a special java.util.Set into: sun.nio.ch.WindowsSelectorImpl@40317ba2
09:54:56.705 TRACE nio.NioEventLoop -instrumented a special java.util.Set into: sun.nio.ch.WindowsSelectorImpl@3c01cfa1
09:54:56.707 TRACE nio.NioEventLoop -instrumented a special java.util.Set into: sun.nio.ch.WindowsSelectorImpl@45d2ade3
09:54:56.709 TRACE nio.NioEventLoop -instrumented a special java.util.Set into: sun.nio.ch.WindowsSelectorImpl@727eb8cb
09:54:56.712 TRACE nio.NioEventLoop -instrumented a special java.util.Set into: sun.nio.ch.WindowsSelectorImpl@39d9314d
09:54:56.715 TRACE nio.NioEventLoop -instrumented a special java.util.Set into: sun.nio.ch.WindowsSelectorImpl@b978d10
09:54:56.717 TRACE nio.NioEventLoop -instrumented a special java.util.Set into: sun.nio.ch.WindowsSelectorImpl@5b7a8434
09:54:56.775 DEBUG buffer.PooledByteBufAllocator --Dio.netty.allocator.numHeapArenas: 8
09:54:56.775 DEBUG buffer.PooledByteBufAllocator --Dio.netty.allocator.numDirectArenas: 8
09:54:56.775 DEBUG buffer.PooledByteBufAllocator --Dio.netty.allocator.pageSize: 8192
09:54:56.776 DEBUG buffer.PooledByteBufAllocator --Dio.netty.allocator.maxOrder: 11
09:54:56.776 DEBUG buffer.PooledByteBufAllocator --Dio.netty.allocator.chunkSize: 16777216
09:54:56.776 DEBUG buffer.PooledByteBufAllocator --Dio.netty.allocator.smallCacheSize: 256
09:54:56.776 DEBUG buffer.PooledByteBufAllocator --Dio.netty.allocator.normalCacheSize: 64
09:54:56.777 DEBUG buffer.PooledByteBufAllocator --Dio.netty.allocator.maxCachedBufferCapacity: 32768
09:54:56.777 DEBUG buffer.PooledByteBufAllocator --Dio.netty.allocator.cacheTrimInterval: 8192
09:54:56.777 DEBUG buffer.PooledByteBufAllocator --Dio.netty.allocator.cacheTrimIntervalMillis: 0
09:54:56.777 DEBUG buffer.PooledByteBufAllocator --Dio.netty.allocator.useCacheForAllThreads: true
09:54:56.778 DEBUG buffer.PooledByteBufAllocator --Dio.netty.allocator.maxCachedByteBuffersPerChunk: 1023
09:54:56.807 DEBUG buffer.ByteBufUtil --Dio.netty.allocator.type: pooled
09:54:56.808 DEBUG buffer.ByteBufUtil --Dio.netty.threadLocalDirectBufferSize: 0
09:54:56.808 DEBUG buffer.ByteBufUtil --Dio.netty.maxThreadLocalCharBufferSize: 16384
09:54:58.096 DEBUG channel.DefaultChannelId --Dio.netty.processId: 15512 (auto-detected)
09:54:58.099 DEBUG util.NetUtil --Djava.net.preferIPv4Stack: false
09:54:58.100 DEBUG util.NetUtil --Djava.net.preferIPv6Addresses: false
09:54:58.868 DEBUG util.NetUtilInitializations -Loopback interface: lo (Software Loopback Interface 1, 127.0.0.1)
09:54:58.871 DEBUG util.NetUtil -Failed to get SOMAXCONN from sysctl and file \proc\sys\net\core\somaxconn. Default: 200
09:54:59.705 DEBUG channel.DefaultChannelId --Dio.netty.machineId: 64:6e:69:ff:fe:e2:89:43 (auto-detected)
09:54:59.874 DEBUG buffer.AbstractByteBuf --Dio.netty.buffer.checkAccessible: true
09:54:59.875 DEBUG buffer.AbstractByteBuf --Dio.netty.buffer.checkBounds: true
09:54:59.875 DEBUG util.ResourceLeakDetectorFactory -Loaded default ResourceLeakDetector: io.netty.util.ResourceLeakDetector@6675d1e9
09:54:59.952 DEBUG util.Recycler --Dio.netty.recycler.maxCapacityPerThread: 4096
09:54:59.953 DEBUG util.Recycler --Dio.netty.recycler.maxSharedCapacityFactor: 2
09:54:59.953 DEBUG util.Recycler --Dio.netty.recycler.linkCapacity: 16
09:54:59.953 DEBUG util.Recycler --Dio.netty.recycler.ratio: 8
09:54:59.953 DEBUG util.Recycler --Dio.netty.recycler.delayedQueue.ratio: 8
09:55:01.904 DEBUG compression.Brotli -brotli4j not in the classpath; Brotli support will be unavailable.
09:55:02.248 DEBUG internal.ThreadLocalRandom --Dio.netty.initialSeedUniquifier: 0xad9da116efc2e056
09:55:09.736 TRACE websocketx.WebSocket08FrameEncoder -Encoding WebSocket Frame opCode=8 length=26
09:56:47.326 DEBUG logging.InternalLoggerFactory -Using Log4J2 as the default logging framework
09:56:47.353 DEBUG util.ResourceLeakDetector --Dio.netty.leakDetection.level: simple
09:56:47.354 DEBUG util.ResourceLeakDetector --Dio.netty.leakDetection.targetRecords: 4
09:56:47.366 DEBUG util.ResourceLeakDetectorFactory -Loaded default ResourceLeakDetector: io.netty.util.ResourceLeakDetector@3e08ff24
09:56:47.430 DEBUG internal.PlatformDependent0 --Dio.netty.noUnsafe: false
09:56:47.430 DEBUG internal.PlatformDependent0 -Java version: 8
09:56:47.434 DEBUG internal.PlatformDependent0 -sun.misc.Unsafe.theUnsafe: available
09:56:47.436 DEBUG internal.PlatformDependent0 -sun.misc.Unsafe.copyMemory: available
09:56:47.437 DEBUG internal.PlatformDependent0 -java.nio.Buffer.address: available
09:56:47.440 DEBUG internal.PlatformDependent0 -direct buffer constructor: available
09:56:47.442 DEBUG internal.PlatformDependent0 -java.nio.Bits.unaligned: available, true
09:56:47.442 DEBUG internal.PlatformDependent0 -jdk.internal.misc.Unsafe.allocateUninitializedArray(int): unavailable prior to Java9
09:56:47.442 DEBUG internal.PlatformDependent0 -java.nio.DirectByteBuffer.<init>(long, int): available
09:56:47.442 DEBUG internal.PlatformDependent -sun.misc.Unsafe: available
09:56:47.443 DEBUG internal.PlatformDependent --Dio.netty.tmpdir: C:\Users\JOHNGU~1\AppData\Local\Temp (java.io.tmpdir)
09:56:47.444 DEBUG internal.PlatformDependent --Dio.netty.bitMode: 64 (sun.arch.data.model)
09:56:47.445 DEBUG internal.PlatformDependent -Platform: Windows
09:56:47.447 DEBUG internal.PlatformDependent --Dio.netty.maxDirectMemory: 3672637440 bytes
09:56:47.447 DEBUG internal.PlatformDependent --Dio.netty.uninitializedArrayAllocationThreshold: -1
09:56:47.450 DEBUG internal.CleanerJava6 -java.nio.ByteBuffer.cleaner(): available
09:56:47.450 DEBUG internal.PlatformDependent --Dio.netty.noPreferDirect: false
09:56:47.474 DEBUG internal.PlatformDependent -org.jctools-core.MpscChunkedArrayQueue: available
09:56:47.533 DEBUG internal.InternalThreadLocalMap --Dio.netty.threadLocalMap.stringBuilder.initialSize: 1024
09:56:47.534 DEBUG internal.InternalThreadLocalMap --Dio.netty.threadLocalMap.stringBuilder.maxSize: 4096
09:56:48.795 DEBUG ssl.JdkSslContext -Default protocols (JDK): [TLSv1.2, TLSv1.1, TLSv1] 
09:56:48.795 DEBUG ssl.JdkSslContext -Default cipher suites (JDK): [TLS_ECDHE_ECDSA_WITH_AES_256_GCM_SHA384, TLS_ECDHE_ECDSA_WITH_AES_128_GCM_SHA256, TLS_ECDHE_RSA_WITH_AES_128_GCM_SHA256, TLS_ECDHE_RSA_WITH_AES_256_GCM_SHA384, TLS_ECDHE_RSA_WITH_AES_128_CBC_SHA, TLS_ECDHE_RSA_WITH_AES_256_CBC_SHA, TLS_RSA_WITH_AES_128_GCM_SHA256, TLS_RSA_WITH_AES_128_CBC_SHA, TLS_RSA_WITH_AES_256_CBC_SHA]
09:56:48.880 DEBUG channel.MultithreadEventLoopGroup --Dio.netty.eventLoopThreads: 8
09:56:48.905 DEBUG nio.NioEventLoop --Dio.netty.noKeySetOptimization: false
09:56:48.906 DEBUG nio.NioEventLoop --Dio.netty.selectorAutoRebuildThreshold: 512
09:56:48.929 TRACE nio.NioEventLoop -instrumented a special java.util.Set into: sun.nio.ch.WindowsSelectorImpl@6aa61224
09:56:48.932 TRACE nio.NioEventLoop -instrumented a special java.util.Set into: sun.nio.ch.WindowsSelectorImpl@7e19ebf0
09:56:48.934 TRACE nio.NioEventLoop -instrumented a special java.util.Set into: sun.nio.ch.WindowsSelectorImpl@2474f125
09:56:48.936 TRACE nio.NioEventLoop -instrumented a special java.util.Set into: sun.nio.ch.WindowsSelectorImpl@7357a011
09:56:48.939 TRACE nio.NioEventLoop -instrumented a special java.util.Set into: sun.nio.ch.WindowsSelectorImpl@3406472c
09:56:48.941 TRACE nio.NioEventLoop -instrumented a special java.util.Set into: sun.nio.ch.WindowsSelectorImpl@5717c37
09:56:48.943 TRACE nio.NioEventLoop -instrumented a special java.util.Set into: sun.nio.ch.WindowsSelectorImpl@68f4865
09:56:48.945 TRACE nio.NioEventLoop -instrumented a special java.util.Set into: sun.nio.ch.WindowsSelectorImpl@4816278d
09:56:49.001 DEBUG buffer.PooledByteBufAllocator --Dio.netty.allocator.numHeapArenas: 8
09:56:49.001 DEBUG buffer.PooledByteBufAllocator --Dio.netty.allocator.numDirectArenas: 8
09:56:49.001 DEBUG buffer.PooledByteBufAllocator --Dio.netty.allocator.pageSize: 8192
09:56:49.001 DEBUG buffer.PooledByteBufAllocator --Dio.netty.allocator.maxOrder: 11
09:56:49.001 DEBUG buffer.PooledByteBufAllocator --Dio.netty.allocator.chunkSize: 16777216
09:56:49.001 DEBUG buffer.PooledByteBufAllocator --Dio.netty.allocator.smallCacheSize: 256
09:56:49.001 DEBUG buffer.PooledByteBufAllocator --Dio.netty.allocator.normalCacheSize: 64
09:56:49.001 DEBUG buffer.PooledByteBufAllocator --Dio.netty.allocator.maxCachedBufferCapacity: 32768
09:56:49.001 DEBUG buffer.PooledByteBufAllocator --Dio.netty.allocator.cacheTrimInterval: 8192
09:56:49.002 DEBUG buffer.PooledByteBufAllocator --Dio.netty.allocator.cacheTrimIntervalMillis: 0
09:56:49.002 DEBUG buffer.PooledByteBufAllocator --Dio.netty.allocator.useCacheForAllThreads: true
09:56:49.002 DEBUG buffer.PooledByteBufAllocator --Dio.netty.allocator.maxCachedByteBuffersPerChunk: 1023
09:56:49.029 DEBUG buffer.ByteBufUtil --Dio.netty.allocator.type: pooled
09:56:49.030 DEBUG buffer.ByteBufUtil --Dio.netty.threadLocalDirectBufferSize: 0
09:56:49.030 DEBUG buffer.ByteBufUtil --Dio.netty.maxThreadLocalCharBufferSize: 16384
09:56:50.295 DEBUG channel.DefaultChannelId --Dio.netty.processId: 17044 (auto-detected)
09:56:50.299 DEBUG util.NetUtil --Djava.net.preferIPv4Stack: false
09:56:50.299 DEBUG util.NetUtil --Djava.net.preferIPv6Addresses: false
09:56:51.160 DEBUG util.NetUtilInitializations -Loopback interface: lo (Software Loopback Interface 1, 127.0.0.1)
09:56:51.162 DEBUG util.NetUtil -Failed to get SOMAXCONN from sysctl and file \proc\sys\net\core\somaxconn. Default: 200
09:56:52.001 DEBUG channel.DefaultChannelId --Dio.netty.machineId: 64:6e:69:ff:fe:e2:89:43 (auto-detected)
09:56:52.159 DEBUG buffer.AbstractByteBuf --Dio.netty.buffer.checkAccessible: true
09:56:52.160 DEBUG buffer.AbstractByteBuf --Dio.netty.buffer.checkBounds: true
09:56:52.160 DEBUG util.ResourceLeakDetectorFactory -Loaded default ResourceLeakDetector: io.netty.util.ResourceLeakDetector@6f44f105
09:56:52.236 DEBUG util.Recycler --Dio.netty.recycler.maxCapacityPerThread: 4096
09:56:52.237 DEBUG util.Recycler --Dio.netty.recycler.maxSharedCapacityFactor: 2
09:56:52.237 DEBUG util.Recycler --Dio.netty.recycler.linkCapacity: 16
09:56:52.238 DEBUG util.Recycler --Dio.netty.recycler.ratio: 8
09:56:52.238 DEBUG util.Recycler --Dio.netty.recycler.delayedQueue.ratio: 8
09:56:54.157 DEBUG compression.Brotli -brotli4j not in the classpath; Brotli support will be unavailable.
09:56:54.911 DEBUG internal.ThreadLocalRandom --Dio.netty.initialSeedUniquifier: 0xf1174416d0becaac
09:57:12.030 TRACE websocketx.WebSocket08FrameEncoder -Encoding WebSocket Frame opCode=8 length=26
14:10:44.652 DEBUG logging.InternalLoggerFactory -Using Log4J2 as the default logging framework
14:10:44.678 DEBUG util.ResourceLeakDetector --Dio.netty.leakDetection.level: simple
14:10:44.678 DEBUG util.ResourceLeakDetector --Dio.netty.leakDetection.targetRecords: 4
14:10:44.688 DEBUG util.ResourceLeakDetectorFactory -Loaded default ResourceLeakDetector: io.netty.util.ResourceLeakDetector@f58853c
14:10:44.746 DEBUG internal.PlatformDependent0 --Dio.netty.noUnsafe: false
14:10:44.746 DEBUG internal.PlatformDependent0 -Java version: 8
14:10:44.748 DEBUG internal.PlatformDependent0 -sun.misc.Unsafe.theUnsafe: available
14:10:44.750 DEBUG internal.PlatformDependent0 -sun.misc.Unsafe.copyMemory: available
14:10:44.752 DEBUG internal.PlatformDependent0 -java.nio.Buffer.address: available
14:10:44.752 DEBUG internal.PlatformDependent0 -direct buffer constructor: available
14:10:44.755 DEBUG internal.PlatformDependent0 -java.nio.Bits.unaligned: available, true
14:10:44.755 DEBUG internal.PlatformDependent0 -jdk.internal.misc.Unsafe.allocateUninitializedArray(int): unavailable prior to Java9
14:10:44.755 DEBUG internal.PlatformDependent0 -java.nio.DirectByteBuffer.<init>(long, int): available
14:10:44.756 DEBUG internal.PlatformDependent -sun.misc.Unsafe: available
14:10:44.757 DEBUG internal.PlatformDependent --Dio.netty.tmpdir: C:\Users\JOHNGU~1\AppData\Local\Temp (java.io.tmpdir)
14:10:44.757 DEBUG internal.PlatformDependent --Dio.netty.bitMode: 64 (sun.arch.data.model)
14:10:44.758 DEBUG internal.PlatformDependent -Platform: Windows
14:10:44.760 DEBUG internal.PlatformDependent --Dio.netty.maxDirectMemory: 3672637440 bytes
14:10:44.760 DEBUG internal.PlatformDependent --Dio.netty.uninitializedArrayAllocationThreshold: -1
14:10:44.764 DEBUG internal.CleanerJava6 -java.nio.ByteBuffer.cleaner(): available
14:10:44.764 DEBUG internal.PlatformDependent --Dio.netty.noPreferDirect: false
14:10:44.788 DEBUG internal.PlatformDependent -org.jctools-core.MpscChunkedArrayQueue: available
14:10:44.848 DEBUG internal.InternalThreadLocalMap --Dio.netty.threadLocalMap.stringBuilder.initialSize: 1024
14:10:44.848 DEBUG internal.InternalThreadLocalMap --Dio.netty.threadLocalMap.stringBuilder.maxSize: 4096
14:10:46.109 DEBUG ssl.JdkSslContext -Default protocols (JDK): [TLSv1.2, TLSv1.1, TLSv1] 
14:10:46.109 DEBUG ssl.JdkSslContext -Default cipher suites (JDK): [TLS_ECDHE_ECDSA_WITH_AES_256_GCM_SHA384, TLS_ECDHE_ECDSA_WITH_AES_128_GCM_SHA256, TLS_ECDHE_RSA_WITH_AES_128_GCM_SHA256, TLS_ECDHE_RSA_WITH_AES_256_GCM_SHA384, TLS_ECDHE_RSA_WITH_AES_128_CBC_SHA, TLS_ECDHE_RSA_WITH_AES_256_CBC_SHA, TLS_RSA_WITH_AES_128_GCM_SHA256, TLS_RSA_WITH_AES_128_CBC_SHA, TLS_RSA_WITH_AES_256_CBC_SHA]
14:10:46.191 DEBUG channel.MultithreadEventLoopGroup --Dio.netty.eventLoopThreads: 8
14:10:46.218 DEBUG nio.NioEventLoop --Dio.netty.noKeySetOptimization: false
14:10:46.218 DEBUG nio.NioEventLoop --Dio.netty.selectorAutoRebuildThreshold: 512
14:10:46.244 TRACE nio.NioEventLoop -instrumented a special java.util.Set into: sun.nio.ch.WindowsSelectorImpl@b4711e2
14:10:46.247 TRACE nio.NioEventLoop -instrumented a special java.util.Set into: sun.nio.ch.WindowsSelectorImpl@62010f5c
14:10:46.249 TRACE nio.NioEventLoop -instrumented a special java.util.Set into: sun.nio.ch.WindowsSelectorImpl@51fadaff
14:10:46.251 TRACE nio.NioEventLoop -instrumented a special java.util.Set into: sun.nio.ch.WindowsSelectorImpl@401f7633
14:10:46.254 TRACE nio.NioEventLoop -instrumented a special java.util.Set into: sun.nio.ch.WindowsSelectorImpl@31ff43be
14:10:46.256 TRACE nio.NioEventLoop -instrumented a special java.util.Set into: sun.nio.ch.WindowsSelectorImpl@5b6ec132
14:10:46.259 TRACE nio.NioEventLoop -instrumented a special java.util.Set into: sun.nio.ch.WindowsSelectorImpl@5c44c582
14:10:46.261 TRACE nio.NioEventLoop -instrumented a special java.util.Set into: sun.nio.ch.WindowsSelectorImpl@67d18ed7
14:10:46.318 DEBUG buffer.PooledByteBufAllocator --Dio.netty.allocator.numHeapArenas: 8
14:10:46.318 DEBUG buffer.PooledByteBufAllocator --Dio.netty.allocator.numDirectArenas: 8
14:10:46.319 DEBUG buffer.PooledByteBufAllocator --Dio.netty.allocator.pageSize: 8192
14:10:46.319 DEBUG buffer.PooledByteBufAllocator --Dio.netty.allocator.maxOrder: 11
14:10:46.319 DEBUG buffer.PooledByteBufAllocator --Dio.netty.allocator.chunkSize: 16777216
14:10:46.319 DEBUG buffer.PooledByteBufAllocator --Dio.netty.allocator.smallCacheSize: 256
14:10:46.319 DEBUG buffer.PooledByteBufAllocator --Dio.netty.allocator.normalCacheSize: 64
14:10:46.320 DEBUG buffer.PooledByteBufAllocator --Dio.netty.allocator.maxCachedBufferCapacity: 32768
14:10:46.320 DEBUG buffer.PooledByteBufAllocator --Dio.netty.allocator.cacheTrimInterval: 8192
14:10:46.320 DEBUG buffer.PooledByteBufAllocator --Dio.netty.allocator.cacheTrimIntervalMillis: 0
14:10:46.320 DEBUG buffer.PooledByteBufAllocator --Dio.netty.allocator.useCacheForAllThreads: true
14:10:46.321 DEBUG buffer.PooledByteBufAllocator --Dio.netty.allocator.maxCachedByteBuffersPerChunk: 1023
14:10:46.347 DEBUG buffer.ByteBufUtil --Dio.netty.allocator.type: pooled
14:10:46.348 DEBUG buffer.ByteBufUtil --Dio.netty.threadLocalDirectBufferSize: 0
14:10:46.348 DEBUG buffer.ByteBufUtil --Dio.netty.maxThreadLocalCharBufferSize: 16384
14:10:47.531 DEBUG channel.DefaultChannelId --Dio.netty.processId: 12400 (auto-detected)
14:10:47.535 DEBUG util.NetUtil --Djava.net.preferIPv4Stack: false
14:10:47.535 DEBUG util.NetUtil --Djava.net.preferIPv6Addresses: false
14:10:48.325 DEBUG util.NetUtilInitializations -Loopback interface: lo (Software Loopback Interface 1, 127.0.0.1)
14:10:48.328 DEBUG util.NetUtil -Failed to get SOMAXCONN from sysctl and file \proc\sys\net\core\somaxconn. Default: 200
14:10:49.321 DEBUG channel.DefaultChannelId --Dio.netty.machineId: 64:6e:69:ff:fe:e2:89:43 (auto-detected)
14:10:49.477 DEBUG buffer.AbstractByteBuf --Dio.netty.buffer.checkAccessible: true
14:10:49.478 DEBUG buffer.AbstractByteBuf --Dio.netty.buffer.checkBounds: true
14:10:49.478 DEBUG util.ResourceLeakDetectorFactory -Loaded default ResourceLeakDetector: io.netty.util.ResourceLeakDetector@71895129
14:10:49.551 DEBUG util.Recycler --Dio.netty.recycler.maxCapacityPerThread: 4096
14:10:49.551 DEBUG util.Recycler --Dio.netty.recycler.maxSharedCapacityFactor: 2
14:10:49.552 DEBUG util.Recycler --Dio.netty.recycler.linkCapacity: 16
14:10:49.552 DEBUG util.Recycler --Dio.netty.recycler.ratio: 8
14:10:49.552 DEBUG util.Recycler --Dio.netty.recycler.delayedQueue.ratio: 8
14:10:58.761 DEBUG compression.Brotli -brotli4j not in the classpath; Brotli support will be unavailable.
14:11:11.482 INFO  basicweb.TestNG_TestCase -This message is from test method
14:11:38.593 DEBUG internal.ThreadLocalRandom --Dio.netty.initialSeedUniquifier: 0xa69af8c60521f6fa
14:11:55.502 TRACE websocketx.WebSocket08FrameEncoder -Encoding WebSocket Frame opCode=8 length=26
14:11:58.421 DEBUG buffer.PoolThreadCache -Freed 17 thread-local buffer(s) from thread: AsyncHttpClient-1-3
14:11:58.427 DEBUG buffer.PoolThreadCache -Freed 4 thread-local buffer(s) from thread: AsyncHttpClient-1-5
14:11:58.427 DEBUG buffer.PoolThreadCache -Freed 2 thread-local buffer(s) from thread: AsyncHttpClient-1-4
